<?xml version="1.0" encoding="UTF-8"?>
<testng-results ignored="0" total="1" passed="1" failed="0" skipped="0">
  <reporter-output>
  </reporter-output>
  <suite started-at="2019-12-10T19:56:00 EST" name="Default suite" finished-at="2019-12-10T19:56:25 EST" duration-ms="24271">
    <groups>
    </groups>
    <test started-at="2019-12-10T19:56:00 EST" name="Default test" finished-at="2019-12-10T19:56:25 EST" duration-ms="24271">
      <class name="com.training.sanity.tests.eLearningInvalidRegistration_TC88">
        <test-method is-config="true" signature="setUpBeforeClass()[pri:0, instance:com.training.sanity.tests.eLearningInvalidRegistration_TC88@5bfa9431]" started-at="2019-12-10T19:56:00 EST" name="setUpBeforeClass" finished-at="2019-12-10T19:56:00 EST" duration-ms="16" status="PASS">
          <reporter-output>
          </reporter-output>
        </test-method> <!-- setUpBeforeClass -->
        <test-method is-config="true" signature="setUp()[pri:0, instance:com.training.sanity.tests.eLearningInvalidRegistration_TC88@5bfa9431]" started-at="2019-12-10T19:56:00 EST" name="setUp" finished-at="2019-12-10T19:56:18 EST" duration-ms="17709" status="PASS">
          <reporter-output>
          </reporter-output>
        </test-method> <!-- setUp -->
        <test-method signature="eLearningInvalidRegistration()[pri:0, instance:com.training.sanity.tests.eLearningInvalidRegistration_TC88@5bfa9431]" started-at="2019-12-10T19:56:18 EST" name="eLearningInvalidRegistration" finished-at="2019-12-10T19:56:21 EST" duration-ms="2998" status="PASS">
          <reporter-output>
          </reporter-output>
        </test-method> <!-- eLearningInvalidRegistration -->
        <test-method is-config="true" signature="tearDown()[pri:0, instance:com.training.sanity.tests.eLearningInvalidRegistration_TC88@5bfa9431]" started-at="2019-12-10T19:56:21 EST" name="tearDown" finished-at="2019-12-10T19:56:25 EST" duration-ms="3493" status="PASS">
          <reporter-output>
          </reporter-output>
        </test-method> <!-- tearDown -->
      </class> <!-- com.training.sanity.tests.eLearningInvalidRegistration_TC88 -->
    </test> <!-- Default test -->
  </suite> <!-- Default suite -->
</testng-results>
